<?xml version="1.0" encoding="UTF-8"?>
<!-- Generated by org.testng.reporters.JUnitReportReporter -->
<testsuite hostname="DESKTOP-5JMSJBG" failures="0" tests="1" name="restAssured.miscleaneous.Graphql" time="1.945" errors="0" timestamp="2025-06-06T11:14:39 IST" skipped="0">
  <testcase classname="restAssured.miscleaneous.Graphql" name="graphqlTest" time="1.945"/>
</testsuite> <!-- restAssured.miscleaneous.Graphql -->
