<?xml version="1.0" encoding="UTF-8"?>
<!-- Generated by org.testng.reporters.JUnitReportReporter -->
<testsuite hostname="DESKTOP-5JMSJBG" failures="0" tests="1" name="scripts.Contacts_VTiger.Con_001BaseClass" time="24.391" errors="0" timestamp="2025-05-14T11:02:49 IST" skipped="0">
  <testcase classname="scripts.Contacts_VTiger.Con_001BaseClass" name="contact001" time="24.391"/>
</testsuite> <!-- scripts.Contacts_VTiger.Con_001BaseClass -->
