<?xml version="1.0" encoding="UTF-8"?>
<!-- Generated by org.testng.reporters.JUnitReportReporter -->
<testsuite hostname="DESKTOP-5JMSJBG" failures="0" tests="1" name="scripts.Organisation_VTiger.Org_001BaseClass" time="13.026" errors="0" timestamp="2025-04-21T12:50:23 IST" skipped="0">
  <testcase classname="scripts.Organisation_VTiger.Org_001BaseClass" name="org001" time="13.026"/>
</testsuite> <!-- scripts.Organisation_VTiger.Org_001BaseClass -->
