<?xml version="1.0" encoding="UTF-8"?>
<!-- Generated by org.testng.reporters.JUnitReportReporter -->
<testsuite hostname="DESKTOP-5JMSJBG" failures="0" tests="1" name="scripts.Leads_VTiger.Leads_003BaseClass" time="25.342" errors="0" timestamp="2025-04-19T20:17:30 IST" skipped="0">
  <testcase classname="scripts.Leads_VTiger.Leads_003BaseClass" name="leads003" time="25.342"/>
</testsuite> <!-- scripts.Leads_VTiger.Leads_003BaseClass -->
