<?xml version="1.0" encoding="UTF-8"?>
<!-- Generated by org.testng.reporters.JUnitReportReporter -->
<testsuite hostname="DESKTOP-5JMSJBG" failures="0" tests="2" name="com.api.RestAssured.GetDataFromServer" time="3.641" errors="0" timestamp="2025-06-10T14:47:16 IST" skipped="0">
  <testcase classname="com.api.RestAssured.GetDataFromServer" name="getDataFromServer" time="3.440"/>
  <testcase classname="com.api.RestAssured.GetDataFromServer" name="postDataToServer" time="0.201"/>
</testsuite> <!-- com.api.RestAssured.GetDataFromServer -->
