<?xml version="1.0" encoding="UTF-8"?>
<!-- Generated by org.testng.reporters.JUnitReportReporter -->
<testsuite hostname="DESKTOP-5JMSJBG" failures="0" tests="1" name="scripts.JavaRunTimeScenarioMavenParameter_Test" time="0.018" errors="0" timestamp="2025-04-19T00:33:08 IST" skipped="0">
  <testcase classname="scripts.JavaRunTimeScenarioMavenParameter_Test" name="runTimeParameter_Test" time="0.018"/>
</testsuite> <!-- scripts.JavaRunTimeScenarioMavenParameter_Test -->
