<?xml version="1.0" encoding="UTF-8"?>
<!-- Generated by org.testng.reporters.JUnitReportReporter -->
<testsuite hostname="DESKTOP-5JMSJBG" failures="0" tests="1" name="com.practice.StringSingleWordPrograms.UniqueCharacters" time="0.036" errors="0" timestamp="2025-07-25T14:50:26 IST" skipped="0">
  <testcase classname="com.practice.StringSingleWordPrograms.UniqueCharacters" name="countOccurenece" time="0.036"/>
</testsuite> <!-- com.practice.StringSingleWordPrograms.UniqueCharacters -->
