<?xml version="1.0" encoding="UTF-8"?>
<!-- Generated by org.testng.reporters.JUnitReportReporter -->
<testsuite hostname="DESKTOP-5JMSJBG" failures="0" tests="1" name="restAssured.miscleaneous.WiremockTest" time="2.861" errors="0" timestamp="2025-06-06T12:41:06 IST" skipped="0">
  <testcase classname="restAssured.miscleaneous.WiremockTest" name="wiremockTest" time="2.861"/>
</testsuite> <!-- restAssured.miscleaneous.WiremockTest -->
