<?xml version="1.0" encoding="UTF-8"?>
<!-- Generated by org.testng.reporters.JUnitReportReporter -->
<testsuite hostname="DESKTOP-5JMSJBG" failures="0" tests="1" name="scripts.Organisation_VTiger.Org_004BaseClass" time="12.345" errors="0" timestamp="2025-04-21T13:02:17 IST" skipped="0">
  <testcase classname="scripts.Organisation_VTiger.Org_004BaseClass" name="org004" time="12.345"/>
</testsuite> <!-- scripts.Organisation_VTiger.Org_004BaseClass -->
