<?xml version="1.0" encoding="UTF-8"?>
<!-- Generated by org.testng.reporters.JUnitReportReporter -->
<testsuite hostname="DESKTOP-5JMSJBG" failures="0" tests="1" name="scripts.Leads_VTiger.Leads_001BaseClass" time="13.793" errors="0" timestamp="2025-04-19T15:03:11 IST" skipped="0">
  <testcase classname="scripts.Leads_VTiger.Leads_001BaseClass" name="leads001" time="13.793"/>
</testsuite> <!-- scripts.Leads_VTiger.Leads_001BaseClass -->
