<?xml version="1.0" encoding="UTF-8"?>
<!-- Generated by org.testng.reporters.JUnitReportReporter -->
<testsuite hostname="DESKTOP-5JMSJBG" failures="0" tests="1" name="scripts.Contacts_VTiger.Con_003BaseClass" time="13.496" errors="0" timestamp="2025-04-19T13:22:23 IST" skipped="0">
  <testcase classname="scripts.Contacts_VTiger.Con_003BaseClass" name="con003" time="13.496"/>
</testsuite> <!-- scripts.Contacts_VTiger.Con_003BaseClass -->
