<?xml version="1.0" encoding="UTF-8"?>
<!-- Generated by org.testng.reporters.JUnitReportReporter -->
<testsuite hostname="DESKTOP-5JMSJBG" failures="0" tests="1" name="scripts.ReadDataFromXMLTest" time="0.025" errors="0" timestamp="2025-04-16T15:49:26 IST" skipped="0">
  <testcase classname="scripts.ReadDataFromXMLTest" name="sampleTest" time="0.025"/>
</testsuite> <!-- scripts.ReadDataFromXMLTest -->
