<?xml version="1.0" encoding="UTF-8"?>
<!-- Generated by org.testng.reporters.JUnitReportReporter -->
<testsuite hostname="DESKTOP-5JMSJBG" failures="0" tests="1" name="com.ecom.Flipkart.ObjectRepo.FlipkartTest" time="69.901" errors="0" timestamp="2025-07-18T17:41:20 IST" skipped="0">
  <testcase classname="com.ecom.Flipkart.ObjectRepo.FlipkartTest" name="flipkartTest" time="69.901"/>
</testsuite> <!-- com.ecom.Flipkart.ObjectRepo.FlipkartTest -->
