<?xml version="1.0" encoding="UTF-8"?>
<!-- Generated by org.testng.reporters.JUnitReportReporter -->
<testsuite hostname="DESKTOP-5JMSJBG" failures="0" tests="1" name="restAssured.miscleaneous.JsonSchemaValidation" time="7.574" errors="0" timestamp="2025-06-10T12:23:45 IST" skipped="0">
  <testcase classname="restAssured.miscleaneous.JsonSchemaValidation" name="postPorjectToServer" time="7.574"/>
</testsuite> <!-- restAssured.miscleaneous.JsonSchemaValidation -->
