<?xml version="1.0" encoding="UTF-8"?>
<!-- Generated by org.testng.reporters.JUnitReportReporter -->
<testsuite hostname="DESKTOP-5JMSJBG" failures="0" tests="1" name="restAssured.miscleaneous.UpdateProjectGraphql" time="1.738" errors="0" timestamp="2025-06-06T11:30:34 IST" skipped="0">
  <testcase classname="restAssured.miscleaneous.UpdateProjectGraphql" name="updateProjectGraphql" time="1.738"/>
</testsuite> <!-- restAssured.miscleaneous.UpdateProjectGraphql -->
