<?xml version="1.0" encoding="UTF-8"?>
<!-- Generated by org.testng.reporters.JUnitReportReporter -->
<testsuite hostname="DESKTOP-5JMSJBG" failures="0" tests="1" name="scripts.Organisation_VTiger.Org_003BaseClass" time="13.733" errors="0" timestamp="2025-04-21T12:58:23 IST" skipped="0">
  <testcase classname="scripts.Organisation_VTiger.Org_003BaseClass" name="org003" time="13.733"/>
</testsuite> <!-- scripts.Organisation_VTiger.Org_003BaseClass -->
