<?xml version="1.0" encoding="UTF-8"?>
<!-- Generated by org.testng.reporters.JUnitReportReporter -->
<testsuite hostname="DESKTOP-5JMSJBG" failures="0" tests="1" name="restAssured.miscleaneous.AddProjectGraphql" time="1.805" errors="0" timestamp="2025-06-06T11:19:37 IST" skipped="0">
  <testcase classname="restAssured.miscleaneous.AddProjectGraphql" name="addProject" time="1.805"/>
</testsuite> <!-- restAssured.miscleaneous.AddProjectGraphql -->
