<?xml version="1.0" encoding="UTF-8"?>
<!-- Generated by org.testng.reporters.JUnitReportReporter -->
<testsuite hostname="DESKTOP-5JMSJBG" failures="0" tests="1" name="com.api.RestAssured.SampleTest" time="5.588" errors="0" timestamp="2025-06-03T10:30:28 IST" skipped="0">
  <testcase classname="com.api.RestAssured.SampleTest" name="sampleGetRequest" time="5.588"/>
</testsuite> <!-- com.api.RestAssured.SampleTest -->
