<?xml version="1.0" encoding="UTF-8"?>
<!-- Generated by org.testng.reporters.JUnitReportReporter -->
<testsuite hostname="DESKTOP-5JMSJBG" failures="0" tests="1" name="scripts.Contacts_VTiger.Con_004BaseClass" time="13.320" errors="0" timestamp="2025-04-19T13:29:51 IST" skipped="0">
  <testcase classname="scripts.Contacts_VTiger.Con_004BaseClass" name="con004" time="13.320"/>
</testsuite> <!-- scripts.Contacts_VTiger.Con_004BaseClass -->
