<?xml version="1.0" encoding="UTF-8"?>
<!-- Generated by org.testng.reporters.JUnitReportReporter -->
<testsuite hostname="DESKTOP-5JMSJBG" failures="0" tests="1" name="scripts.Leads_VTiger.Leads_002BaseClass" time="24.029" errors="0" timestamp="2025-04-19T20:32:11 IST" skipped="0">
  <testcase classname="scripts.Leads_VTiger.Leads_002BaseClass" name="leads002" time="24.029"/>
</testsuite> <!-- scripts.Leads_VTiger.Leads_002BaseClass -->
