<?xml version="1.0" encoding="UTF-8"?>
<!-- Generated by org.testng.reporters.JUnitReportReporter -->
<testsuite hostname="DESKTOP-5JMSJBG" failures="0" tests="1" name="com.selenium.practice.AutomationTestingPractice" time="18.655" errors="0" timestamp="2025-07-15T12:35:15 IST" skipped="0">
  <testcase classname="com.selenium.practice.AutomationTestingPractice" name="slider" time="18.655"/>
</testsuite> <!-- com.selenium.practice.AutomationTestingPractice -->
