<?xml version="1.0" encoding="UTF-8"?>
<!-- Generated by org.testng.reporters.JUnitReportReporter -->
<testsuite hostname="DESKTOP-5JMSJBG" failures="0" tests="1" name="restAssured.miscleaneous.GetProjectByProjectID" time="1.680" errors="0" timestamp="2025-06-06T11:25:56 IST" skipped="0">
  <testcase classname="restAssured.miscleaneous.GetProjectByProjectID" name="getProjectByProjectId" time="1.680"/>
</testsuite> <!-- restAssured.miscleaneous.GetProjectByProjectID -->
