<?xml version="1.0" encoding="UTF-8"?>
<!-- Generated by org.testng.reporters.JUnitReportReporter -->
<testsuite hostname="DESKTOP-5JMSJBG" failures="0" tests="1" name="scripts.Organisation_VTiger.Org_002BaseClass" time="13.062" errors="0" timestamp="2025-04-21T12:54:19 IST" skipped="0">
  <testcase classname="scripts.Organisation_VTiger.Org_002BaseClass" name="org002" time="13.062"/>
</testsuite> <!-- scripts.Organisation_VTiger.Org_002BaseClass -->
