<?xml version="1.0" encoding="UTF-8"?>
<!-- Generated by org.testng.reporters.JUnitReportReporter -->
<testsuite hostname="DESKTOP-5JMSJBG" failures="0" tests="1" name="scripts.Leads_VTiger.Leads_004BaseClass" time="13.437" errors="0" timestamp="2025-04-21T12:23:08 IST" skipped="0">
  <testcase classname="scripts.Leads_VTiger.Leads_004BaseClass" name="leads004" time="13.437"/>
</testsuite> <!-- scripts.Leads_VTiger.Leads_004BaseClass -->
