<?xml version="1.0" encoding="UTF-8"?>
<!-- Generated by org.testng.reporters.JUnitReportReporter -->
<testsuite hostname="DESKTOP-5JMSJBG" failures="0" tests="1" name="com.ecom.Flipkart.Test.FlipkartTest" time="77.547" errors="0" timestamp="2025-07-21T10:11:27 IST" skipped="0">
  <testcase classname="com.ecom.Flipkart.Test.FlipkartTest" name="flipkartTest" time="77.547"/>
</testsuite> <!-- com.ecom.Flipkart.Test.FlipkartTest -->
